<?xml version="1.0" encoding="UTF-8"?>
<testsuite xmlns:xsi="http://www.w3.org/2001/XMLSchema-instance" xsi:noNamespaceSchemaLocation="https://maven.apache.org/surefire/maven-surefire-plugin/xsd/surefire-test-report-3.0.xsd" version="3.0" name="com.google.gwt.sample.stockwatcher.server.StockPriceServiceImplTest" time="0.223" tests="9" errors="0" skipped="0" failures="0">
  <properties>
[...]
</properties>
  <testcase name="addProposta" classname="com.google.gwt.sample.stockwatcher.server.StockPriceServiceImplTest" time="0.003"/>
  <testcase name="controlAccount" classname="com.google.gwt.sample.stockwatcher.server.StockPriceServiceImplTest" time="0.035"/>
  <testcase name="addCard" classname="com.google.gwt.sample.stockwatcher.server.StockPriceServiceImplTest" time="0.001"/>
  <testcase name="loadProposteScambi" classname="com.google.gwt.sample.stockwatcher.server.StockPriceServiceImplTest" time="0"/>
  <testcase name="loadCarteMagic" classname="com.google.gwt.sample.stockwatcher.server.StockPriceServiceImplTest" time="0"/>
  <testcase name="login" classname="com.google.gwt.sample.stockwatcher.server.StockPriceServiceImplTest" time="0"/>
  <testcase name="addAccount" classname="com.google.gwt.sample.stockwatcher.server.StockPriceServiceImplTest" time="0.001"/>
  <testcase name="rimuoviCarta" classname="com.google.gwt.sample.stockwatcher.server.StockPriceServiceImplTest" time="0.001"/>
  <testcase name="gestisciScambio" classname="com.google.gwt.sample.stockwatcher.server.StockPriceServiceImplTest" time="0"/>
</testsuite>